<?xml version="1.0" encoding="UTF-8"?>
<coverage generated="1567492170884" clover="3.2.0">
  <project timestamp="1567492170884" name="All files">
    <metrics statements="21" coveredstatements="21" conditionals="42" coveredconditionals="32" methods="3" coveredmethods="3" elements="66" coveredelements="56" complexity="0" loc="21" ncloc="21" packages="1" files="1" classes="1"/>
    <file name="index.js" path="D:\front-end\demos\0react-demos\vin\arabicnumber-to-cnnumber\src\index.js">
      <metrics statements="21" coveredstatements="21" conditionals="42" coveredconditionals="32" methods="3" coveredmethods="3"/>
      <line num="8" count="6" type="cond" truecount="4" falsecount="0"/>
      <line num="9" count="5" type="cond" truecount="4" falsecount="0"/>
      <line num="10" count="3" type="stmt"/>
      <line num="11" count="3" type="stmt"/>
      <line num="12" count="3" type="stmt"/>
      <line num="13" count="3" type="stmt"/>
      <line num="14" count="3" type="stmt"/>
      <line num="18" count="3" type="stmt"/>
      <line num="19" count="3" type="cond" truecount="4" falsecount="0"/>
      <line num="20" count="1" type="stmt"/>
      <line num="21" count="2" type="stmt"/>
      <line num="30" count="2" type="stmt"/>
      <line num="31" count="4" type="stmt"/>
      <line num="40" count="3" type="stmt"/>
      <line num="42" count="3" type="stmt"/>
      <line num="43" count="3" type="stmt"/>
      <line num="44" count="3" type="cond" truecount="1" falsecount="1"/>
      <line num="45" count="3" type="cond" truecount="1" falsecount="1"/>
      <line num="48" count="1" type="stmt"/>
      <line num="49" count="2" type="cond" truecount="2" falsecount="0"/>
      <line num="50" count="1" type="stmt"/>
    </file>
  </project>
</coverage>
