{"D:\\front-end\\demos\\0react-demos\\vin\\arabicnumber-to-cnnumber\\src\\index.js": {"path":"D:\\front-end\\demos\\0react-demos\\vin\\arabicnumber-to-cnnumber\\src\\index.js","statementMap":{"0":{"start":{"line":8,"column":2},"end":{"line":8,"column":49}},"1":{"start":{"line":8,"column":24},"end":{"line":8,"column":49}},"2":{"start":{"line":9,"column":2},"end":{"line":9,"column":105}},"3":{"start":{"line":9,"column":65},"end":{"line":9,"column":105}},"4":{"start":{"line":10,"column":18},"end":{"line":10,"column":68}},"5":{"start":{"line":11,"column":13},"end":{"line":11,"column":37}},"6":{"start":{"line":12,"column":2},"end":{"line":12,"column":21}},"7":{"start":{"line":13,"column":15},"end":{"line":41,"column":3}},"8":{"start":{"line":14,"column":17},"end":{"line":17,"column":16}},"9":{"start":{"line":18,"column":17},"end":{"line":18,"column":19}},"10":{"start":{"line":19,"column":4},"end":{"line":39,"column":5}},"11":{"start":{"line":20,"column":6},"end":{"line":28,"column":7}},"12":{"start":{"line":20,"column":19},"end":{"line":20,"column":20}},"13":{"start":{"line":21,"column":8},"end":{"line":27,"column":61}},"14":{"start":{"line":30,"column":6},"end":{"line":38,"column":7}},"15":{"start":{"line":30,"column":19},"end":{"line":30,"column":20}},"16":{"start":{"line":31,"column":8},"end":{"line":37,"column":16}},"17":{"start":{"line":40,"column":4},"end":{"line":40,"column":17}},"18":{"start":{"line":42,"column":16},"end":{"line":42,"column":39}},"19":{"start":{"line":43,"column":14},"end":{"line":43,"column":25}},"20":{"start":{"line":44,"column":2},"end":{"line":44,"column":54}},"21":{"start":{"line":44,"column":35},"end":{"line":44,"column":54}},"22":{"start":{"line":45,"column":2},"end":{"line":45,"column":70}},"23":{"start":{"line":48,"column":27},"end":{"line":51,"column":1}},"24":{"start":{"line":49,"column":2},"end":{"line":49,"column":58}},"25":{"start":{"line":49,"column":30},"end":{"line":49,"column":58}},"26":{"start":{"line":50,"column":2},"end":{"line":50,"column":22}}},"fnMap":{"0":{"name":"araToCnNum","decl":{"start":{"line":7,"column":16},"end":{"line":7,"column":26}},"loc":{"start":{"line":7,"column":32},"end":{"line":46,"column":1}},"line":7},"1":{"name":"(anonymous_1)","decl":{"start":{"line":13,"column":15},"end":{"line":13,"column":16}},"loc":{"start":{"line":13,"column":25},"end":{"line":41,"column":3}},"line":13},"2":{"name":"(anonymous_2)","decl":{"start":{"line":48,"column":27},"end":{"line":48,"column":28}},"loc":{"start":{"line":48,"column":36},"end":{"line":51,"column":1}},"line":48}},"branchMap":{"0":{"loc":{"start":{"line":8,"column":2},"end":{"line":8,"column":49}},"type":"if","locations":[{"start":{"line":8,"column":2},"end":{"line":8,"column":49}},{"start":{"line":8,"column":2},"end":{"line":8,"column":49}}],"line":8},"1":{"loc":{"start":{"line":8,"column":5},"end":{"line":8,"column":22}},"type":"binary-expr","locations":[{"start":{"line":8,"column":5},"end":{"line":8,"column":9}},{"start":{"line":8,"column":13},"end":{"line":8,"column":22}}],"line":8},"2":{"loc":{"start":{"line":9,"column":2},"end":{"line":9,"column":105}},"type":"if","locations":[{"start":{"line":9,"column":2},"end":{"line":9,"column":105}},{"start":{"line":9,"column":2},"end":{"line":9,"column":105}}],"line":9},"3":{"loc":{"start":{"line":9,"column":5},"end":{"line":9,"column":63}},"type":"binary-expr","locations":[{"start":{"line":9,"column":5},"end":{"line":9,"column":28}},{"start":{"line":9,"column":32},"end":{"line":9,"column":63}}],"line":9},"4":{"loc":{"start":{"line":19,"column":4},"end":{"line":39,"column":5}},"type":"if","locations":[{"start":{"line":19,"column":4},"end":{"line":39,"column":5}},{"start":{"line":19,"column":4},"end":{"line":39,"column":5}}],"line":19},"5":{"loc":{"start":{"line":19,"column":8},"end":{"line":19,"column":29}},"type":"binary-expr","locations":[{"start":{"line":19,"column":8},"end":{"line":19,"column":17}},{"start":{"line":19,"column":21},"end":{"line":19,"column":29}}],"line":19},"6":{"loc":{"start":{"line":22,"column":11},"end":{"line":27,"column":51}},"type":"cond-expr","locations":[{"start":{"line":23,"column":14},"end":{"line":23,"column":16}},{"start":{"line":24,"column":14},"end":{"line":27,"column":51}}],"line":22},"7":{"loc":{"start":{"line":22,"column":11},"end":{"line":22,"column":37}},"type":"binary-expr","locations":[{"start":{"line":22,"column":11},"end":{"line":22,"column":18}},{"start":{"line":22,"column":22},"end":{"line":22,"column":37}}],"line":22},"8":{"loc":{"start":{"line":24,"column":14},"end":{"line":27,"column":51}},"type":"cond-expr","locations":[{"start":{"line":25,"column":16},"end":{"line":25,"column":18}},{"start":{"line":26,"column":16},"end":{"line":27,"column":51}}],"line":24},"9":{"loc":{"start":{"line":24,"column":14},"end":{"line":24,"column":61}},"type":"binary-expr","locations":[{"start":{"line":24,"column":14},"end":{"line":24,"column":19}},{"start":{"line":24,"column":23},"end":{"line":24,"column":38}},{"start":{"line":24,"column":42},"end":{"line":24,"column":61}}],"line":24},"10":{"loc":{"start":{"line":26,"column":17},"end":{"line":26,"column":52}},"type":"cond-expr","locations":[{"start":{"line":26,"column":27},"end":{"line":26,"column":47}},{"start":{"line":26,"column":50},"end":{"line":26,"column":52}}],"line":26},"11":{"loc":{"start":{"line":27,"column":15},"end":{"line":27,"column":50}},"type":"cond-expr","locations":[{"start":{"line":27,"column":33},"end":{"line":27,"column":40}},{"start":{"line":27,"column":43},"end":{"line":27,"column":50}}],"line":27},"12":{"loc":{"start":{"line":32,"column":11},"end":{"line":36,"column":76}},"type":"cond-expr","locations":[{"start":{"line":33,"column":14},"end":{"line":33,"column":16}},{"start":{"line":34,"column":14},"end":{"line":36,"column":76}}],"line":32},"13":{"loc":{"start":{"line":32,"column":11},"end":{"line":32,"column":37}},"type":"binary-expr","locations":[{"start":{"line":32,"column":11},"end":{"line":32,"column":18}},{"start":{"line":32,"column":22},"end":{"line":32,"column":37}}],"line":32},"14":{"loc":{"start":{"line":34,"column":14},"end":{"line":36,"column":76}},"type":"cond-expr","locations":[{"start":{"line":35,"column":16},"end":{"line":35,"column":18}},{"start":{"line":36,"column":16},"end":{"line":36,"column":76}}],"line":34},"15":{"loc":{"start":{"line":34,"column":14},"end":{"line":34,"column":61}},"type":"binary-expr","locations":[{"start":{"line":34,"column":14},"end":{"line":34,"column":19}},{"start":{"line":34,"column":23},"end":{"line":34,"column":38}},{"start":{"line":34,"column":42},"end":{"line":34,"column":61}}],"line":34},"16":{"loc":{"start":{"line":36,"column":40},"end":{"line":36,"column":75}},"type":"cond-expr","locations":[{"start":{"line":36,"column":58},"end":{"line":36,"column":65}},{"start":{"line":36,"column":68},"end":{"line":36,"column":75}}],"line":36},"17":{"loc":{"start":{"line":44,"column":2},"end":{"line":44,"column":54}},"type":"if","locations":[{"start":{"line":44,"column":2},"end":{"line":44,"column":54}},{"start":{"line":44,"column":2},"end":{"line":44,"column":54}}],"line":44},"18":{"loc":{"start":{"line":45,"column":9},"end":{"line":45,"column":70}},"type":"cond-expr","locations":[{"start":{"line":45,"column":19},"end":{"line":45,"column":56}},{"start":{"line":45,"column":59},"end":{"line":45,"column":70}}],"line":45},"19":{"loc":{"start":{"line":49,"column":2},"end":{"line":49,"column":58}},"type":"if","locations":[{"start":{"line":49,"column":2},"end":{"line":49,"column":58}},{"start":{"line":49,"column":2},"end":{"line":49,"column":58}}],"line":49}},"s":{"0":6,"1":1,"2":5,"3":2,"4":3,"5":3,"6":3,"7":3,"8":3,"9":3,"10":3,"11":1,"12":1,"13":2,"14":2,"15":2,"16":4,"17":3,"18":3,"19":3,"20":3,"21":3,"22":3,"23":1,"24":2,"25":1,"26":1},"f":{"0":6,"1":3,"2":2},"b":{"0":[1,5],"1":[6,1],"2":[2,3],"3":[5,4],"4":[1,2],"5":[3,3],"6":[0,2],"7":[2,1],"8":[0,2],"9":[2,1,0],"10":[1,1],"11":[0,2],"12":[0,4],"13":[4,2],"14":[0,4],"15":[4,2,0],"16":[0,4],"17":[3,0],"18":[0,3],"19":[1,1]},"_coverageSchema":"43e27e138ebf9cfc5966b082cf9a028302ed4184","hash":"e0975e8582c0d75c08c010a810aff102ae14067f"}
}
