TN:
SF:D:\front-end\demos\0react-demos\vin\arabicnumber-to-cnnumber\src\index.js
FN:7,araToCnNum
FN:13,(anonymous_1)
FN:48,(anonymous_2)
FNF:3
FNH:3
FNDA:6,araToCnNum
FNDA:3,(anonymous_1)
FNDA:2,(anonymous_2)
DA:8,6
DA:9,5
DA:10,3
DA:11,3
DA:12,3
DA:13,3
DA:14,3
DA:18,3
DA:19,3
DA:20,1
DA:21,2
DA:30,2
DA:31,4
DA:40,3
DA:42,3
DA:43,3
DA:44,3
DA:45,3
DA:48,1
DA:49,2
DA:50,1
LF:21
LH:21
BRDA:8,0,0,1
BRDA:8,0,1,5
BRDA:8,1,0,6
BRDA:8,1,1,1
BRDA:9,2,0,2
BRDA:9,2,1,3
BRDA:9,3,0,5
BRDA:9,3,1,4
BRDA:19,4,0,1
BRDA:19,4,1,2
BRDA:19,5,0,3
BRDA:19,5,1,3
BRDA:22,6,0,0
BRDA:22,6,1,2
BRDA:22,7,0,2
BRDA:22,7,1,1
BRDA:24,8,0,0
BRDA:24,8,1,2
BRDA:24,9,0,2
BRDA:24,9,1,1
BRDA:24,9,2,0
BRDA:26,10,0,1
BRDA:26,10,1,1
BRDA:27,11,0,0
BRDA:27,11,1,2
BRDA:32,12,0,0
BRDA:32,12,1,4
BRDA:32,13,0,4
BRDA:32,13,1,2
BRDA:34,14,0,0
BRDA:34,14,1,4
BRDA:34,15,0,4
BRDA:34,15,1,2
BRDA:34,15,2,0
BRDA:36,16,0,0
BRDA:36,16,1,4
BRDA:44,17,0,3
BRDA:44,17,1,0
BRDA:45,18,0,0
BRDA:45,18,1,3
BRDA:49,19,0,1
BRDA:49,19,1,1
BRF:42
BRH:32
end_of_record
